-------------------------------------------------------------------------------
Test set: com.example.myapp.MyAppApplicationTests
-------------------------------------------------------------------------------
Tests run: 1, Failures: 0, Errors: 1, Skipped: 0, Time elapsed: 14.017 s <<< FAILURE! - in com.example.myapp.MyAppApplicationTests
contextLoads  Time elapsed: 0.015 s  <<< ERROR!
java.lang.IllegalStateException: Failed to load ApplicationContext
Caused by: org.springframework.beans.factory.BeanCreationException: 
Error creating bean with name 'requestMappingHandlerMapping' defined in class path resource [org/springframework/boot/autoconfigure/web/servlet/WebMvcAutoConfiguration$EnableWebMvcConfiguration.class]: Invocation of init method failed; nested exception is java.lang.IllegalStateException: Ambiguous mapping. Cannot map 'userController' method 
com.example.myapp.controller.UserController#showLoginPage()
to {GET [/login]}: There is already 'loginController' bean method
com.example.myapp.controller.LoginController#login() mapped.
Caused by: java.lang.IllegalStateException: 
Ambiguous mapping. Cannot map 'userController' method 
com.example.myapp.controller.UserController#showLoginPage()
to {GET [/login]}: There is already 'loginController' bean method
com.example.myapp.controller.LoginController#login() mapped.

